<?xml version="1.0" encoding="UTF-8"?>
<!-- Generated by org.testng.reporters.JUnitXMLReporter -->
<testsuite hostname="HFLT0001452" ignored="8" name="CAS Regression_LPL_UAT" tests="5" failures="0" timestamp="22 Aug 2017 13:06:53 GMT" time="538.368" errors="0">
  <testcase name="Sourcing" time="30.184" classname="CAS_LPL_UAT.sourcing_comments"/>
  <testcase name="Underwriting" time="297.517" classname="CAS_LPL_UAT.Underwriting_LPL"/>
  <testcase name="PDOCDetails" time="147.358" classname="CAS_LPL_UAT.PDOC"/>
  <testcase name="Disbursal_detail" time="31.758" classname="CAS_LPL_UAT.Disbursal_details"/>
  <testcase name="Disbursal" time="28.64" classname="CAS_LPL_UAT.Disbursal_Initiation"/>
  <testcase name="@AfterSuite Application_logout" time="0.0" classname="utility.BrowserSetup">
    <ignored/>
  </testcase> <!-- @AfterSuite Application_logout -->
  <testcase name="@AfterSuite Application_logout" time="0.0" classname="utility.BrowserSetup">
    <ignored/>
  </testcase> <!-- @AfterSuite Application_logout -->
  <testcase name="@AfterSuite Application_logout" time="0.0" classname="utility.BrowserSetup">
    <ignored/>
  </testcase> <!-- @AfterSuite Application_logout -->
  <testcase name="@AfterSuite Application_logout" time="0.0" classname="utility.BrowserSetup">
    <ignored/>
  </testcase> <!-- @AfterSuite Application_logout -->
  <testcase name="@BeforeSuite setupapplication" time="0.0" classname="utility.BrowserSetup">
    <ignored/>
  </testcase> <!-- @BeforeSuite setupapplication -->
  <testcase name="@BeforeSuite setupapplication" time="0.0" classname="utility.BrowserSetup">
    <ignored/>
  </testcase> <!-- @BeforeSuite setupapplication -->
  <testcase name="@BeforeSuite setupapplication" time="0.0" classname="utility.BrowserSetup">
    <ignored/>
  </testcase> <!-- @BeforeSuite setupapplication -->
  <testcase name="@BeforeSuite setupapplication" time="0.0" classname="utility.BrowserSetup">
    <ignored/>
  </testcase> <!-- @BeforeSuite setupapplication -->
</testsuite> <!-- CAS Regression_LPL_UAT -->
