<?xml version="1.0" encoding="UTF-8"?>
<!-- Generated by org.testng.reporters.JUnitXMLReporter -->
<testsuite hostname="HFLT0001452" ignored="12" name="CAS Regression_LPL_UAT" tests="7" failures="6" timestamp="24 Jul 2017 13:14:32 GMT" time="40.999" errors="0">
  <testcase name="Sourcing" time="16.548" classname="CAS_LPL_UAT.sourcing_comments"/>
  <testcase name="FI_Verification" time="4.983" classname="CAS_LPL_UAT.FI_Verification_LPL">
    <failure type="org.openqa.selenium.UnhandledAlertException" message="Modal dialog present: Minimum 1 Search Criteria must be specified
Build info: version: &amp;apos;3.4.0&amp;apos;, revision: &amp;apos;unknown&amp;apos;, time: &amp;apos;unknown&amp;apos;
System info: host: &amp;apos;HFLT0001452&amp;apos;, ip: &amp;apos;10.1.1.152&amp;apos;, os.name: &amp;apos;Windows 7&amp;apos;, os.arch: &amp;apos;amd64&amp;apos;, os.version: &amp;apos;6.1&amp;apos;, java.version: &amp;apos;1.8.0_131&amp;apos;
Driver info: org.openqa.selenium.ie.InternetExplorerDriver
Capabilities [{se:ieOptions={browserAttachTimeout=0.0, ie.enableFullPageScreenshot=true, enablePersistentHover=true, ie.forceCreateProcessApi=false, ie.forceShellWindowsApi=false, ignoreZoomSetting=false, ie.fileUploadDialogTimeout=3000.0, ie.useLegacyFileUploadDialogHandling=false, nativeEvents=true, ie.ensureCleanSession=false, elementScrollBehavior=0.0, ie.browserCommandLineSwitches=, requireWindowFocus=false, initialBrowserUrl=http://localhost:25969/, ignoreProtectedModeSettings=false, enableElementCacheCleanup=true}, browserName=internet explorer, pageLoadStrategy=normal, javascriptEnabled=true, version=9, platform=WINDOWS, unexpectedAlertBehaviour=dismiss}]
Session ID: 4db7293b-2ffe-4a15-8428-2f721fea0c5a
*** Element info: {Using=xpath, value=//table[@class=&amp;apos;TABLEATTRIBUTES&amp;apos;]/tbody/tr[2]/td[1]/a[1]}">
      <![CDATA[org.openqa.selenium.UnhandledAlertException: Modal dialog present: Minimum 1 Search Criteria must be specified
Build info: version: '3.4.0', revision: 'unknown', time: 'unknown'
System info: host: 'HFLT0001452', ip: '10.1.1.152', os.name: 'Windows 7', os.arch: 'amd64', os.version: '6.1', java.version: '1.8.0_131'
Driver info: org.openqa.selenium.ie.InternetExplorerDriver
Capabilities [{se:ieOptions={browserAttachTimeout=0.0, ie.enableFullPageScreenshot=true, enablePersistentHover=true, ie.forceCreateProcessApi=false, ie.forceShellWindowsApi=false, ignoreZoomSetting=false, ie.fileUploadDialogTimeout=3000.0, ie.useLegacyFileUploadDialogHandling=false, nativeEvents=true, ie.ensureCleanSession=false, elementScrollBehavior=0.0, ie.browserCommandLineSwitches=, requireWindowFocus=false, initialBrowserUrl=http://localhost:25969/, ignoreProtectedModeSettings=false, enableElementCacheCleanup=true}, browserName=internet explorer, pageLoadStrategy=normal, javascriptEnabled=true, version=9, platform=WINDOWS, unexpectedAlertBehaviour=dismiss}]
Session ID: 4db7293b-2ffe-4a15-8428-2f721fea0c5a
*** Element info: {Using=xpath, value=//table[@class='TABLEATTRIBUTES']/tbody/tr[2]/td[1]/a[1]}
	at org.openqa.selenium.remote.ErrorHandler.createThrowable(ErrorHandler.java:215)
	at org.openqa.selenium.remote.ErrorHandler.createUnhandledAlertException(ErrorHandler.java:196)
	at org.openqa.selenium.remote.ErrorHandler.throwIfResponseFailed(ErrorHandler.java:157)
	at org.openqa.selenium.remote.RemoteWebDriver.execute(RemoteWebDriver.java:671)
	at org.openqa.selenium.remote.RemoteWebDriver.findElement(RemoteWebDriver.java:410)
	at org.openqa.selenium.remote.RemoteWebDriver.findElementByXPath(RemoteWebDriver.java:509)
	at org.openqa.selenium.By$ByXPath.findElement(By.java:361)
	at org.openqa.selenium.remote.RemoteWebDriver.findElement(RemoteWebDriver.java:402)
	at CAS_LPL_UAT.FI_Verification_LPL.FI_Verification(FI_Verification_LPL.java:106)
... Removed 29 stack frames]]>
    </failure>
  </testcase> <!-- FI_Verification -->
  <testcase name="FI_Verification" time="3.724" classname="CAS_LPL_UAT.FI_Completion">
    <failure type="org.openqa.selenium.UnhandledAlertException" message="Modal dialog present: Minimum 1 Search Criteria must be specified
Build info: version: &amp;apos;3.4.0&amp;apos;, revision: &amp;apos;unknown&amp;apos;, time: &amp;apos;unknown&amp;apos;
System info: host: &amp;apos;HFLT0001452&amp;apos;, ip: &amp;apos;10.1.1.152&amp;apos;, os.name: &amp;apos;Windows 7&amp;apos;, os.arch: &amp;apos;amd64&amp;apos;, os.version: &amp;apos;6.1&amp;apos;, java.version: &amp;apos;1.8.0_131&amp;apos;
Driver info: org.openqa.selenium.ie.InternetExplorerDriver
Capabilities [{se:ieOptions={browserAttachTimeout=0.0, ie.enableFullPageScreenshot=true, enablePersistentHover=true, ie.forceCreateProcessApi=false, ie.forceShellWindowsApi=false, ignoreZoomSetting=false, ie.fileUploadDialogTimeout=3000.0, ie.useLegacyFileUploadDialogHandling=false, nativeEvents=true, ie.ensureCleanSession=false, elementScrollBehavior=0.0, ie.browserCommandLineSwitches=, requireWindowFocus=false, initialBrowserUrl=http://localhost:25969/, ignoreProtectedModeSettings=false, enableElementCacheCleanup=true}, browserName=internet explorer, pageLoadStrategy=normal, javascriptEnabled=true, version=9, platform=WINDOWS, unexpectedAlertBehaviour=dismiss}]
Session ID: 4db7293b-2ffe-4a15-8428-2f721fea0c5a
*** Element info: {Using=xpath, value=//table[@class=&amp;apos;TABLEATTRIBUTES&amp;apos;]/tbody/tr[2]/td[1]/a[1]}">
      <![CDATA[org.openqa.selenium.UnhandledAlertException: Modal dialog present: Minimum 1 Search Criteria must be specified
Build info: version: '3.4.0', revision: 'unknown', time: 'unknown'
System info: host: 'HFLT0001452', ip: '10.1.1.152', os.name: 'Windows 7', os.arch: 'amd64', os.version: '6.1', java.version: '1.8.0_131'
Driver info: org.openqa.selenium.ie.InternetExplorerDriver
Capabilities [{se:ieOptions={browserAttachTimeout=0.0, ie.enableFullPageScreenshot=true, enablePersistentHover=true, ie.forceCreateProcessApi=false, ie.forceShellWindowsApi=false, ignoreZoomSetting=false, ie.fileUploadDialogTimeout=3000.0, ie.useLegacyFileUploadDialogHandling=false, nativeEvents=true, ie.ensureCleanSession=false, elementScrollBehavior=0.0, ie.browserCommandLineSwitches=, requireWindowFocus=false, initialBrowserUrl=http://localhost:25969/, ignoreProtectedModeSettings=false, enableElementCacheCleanup=true}, browserName=internet explorer, pageLoadStrategy=normal, javascriptEnabled=true, version=9, platform=WINDOWS, unexpectedAlertBehaviour=dismiss}]
Session ID: 4db7293b-2ffe-4a15-8428-2f721fea0c5a
*** Element info: {Using=xpath, value=//table[@class='TABLEATTRIBUTES']/tbody/tr[2]/td[1]/a[1]}
	at org.openqa.selenium.remote.ErrorHandler.createThrowable(ErrorHandler.java:215)
	at org.openqa.selenium.remote.ErrorHandler.createUnhandledAlertException(ErrorHandler.java:196)
	at org.openqa.selenium.remote.ErrorHandler.throwIfResponseFailed(ErrorHandler.java:157)
	at org.openqa.selenium.remote.RemoteWebDriver.execute(RemoteWebDriver.java:671)
	at org.openqa.selenium.remote.RemoteWebDriver.findElement(RemoteWebDriver.java:410)
	at org.openqa.selenium.remote.RemoteWebDriver.findElementByXPath(RemoteWebDriver.java:509)
	at org.openqa.selenium.By$ByXPath.findElement(By.java:361)
	at org.openqa.selenium.remote.RemoteWebDriver.findElement(RemoteWebDriver.java:402)
	at CAS_LPL_UAT.FI_Completion.FI_Verification(FI_Completion.java:104)
... Removed 29 stack frames]]>
    </failure>
  </testcase> <!-- FI_Verification -->
  <testcase name="Underwriting" time="5.76" classname="CAS_LPL_UAT.Underwriting_LPL">
    <failure type="org.openqa.selenium.UnhandledAlertException" message="Modal dialog present: Minimum 1 Search Criteria must be specified
Build info: version: &amp;apos;3.4.0&amp;apos;, revision: &amp;apos;unknown&amp;apos;, time: &amp;apos;unknown&amp;apos;
System info: host: &amp;apos;HFLT0001452&amp;apos;, ip: &amp;apos;10.1.1.152&amp;apos;, os.name: &amp;apos;Windows 7&amp;apos;, os.arch: &amp;apos;amd64&amp;apos;, os.version: &amp;apos;6.1&amp;apos;, java.version: &amp;apos;1.8.0_131&amp;apos;
Driver info: org.openqa.selenium.ie.InternetExplorerDriver
Capabilities [{se:ieOptions={browserAttachTimeout=0.0, ie.enableFullPageScreenshot=true, enablePersistentHover=true, ie.forceCreateProcessApi=false, ie.forceShellWindowsApi=false, ignoreZoomSetting=false, ie.fileUploadDialogTimeout=3000.0, ie.useLegacyFileUploadDialogHandling=false, nativeEvents=true, ie.ensureCleanSession=false, elementScrollBehavior=0.0, ie.browserCommandLineSwitches=, requireWindowFocus=false, initialBrowserUrl=http://localhost:25969/, ignoreProtectedModeSettings=false, enableElementCacheCleanup=true}, browserName=internet explorer, pageLoadStrategy=normal, javascriptEnabled=true, version=9, platform=WINDOWS, unexpectedAlertBehaviour=dismiss}]
Session ID: 4db7293b-2ffe-4a15-8428-2f721fea0c5a
*** Element info: {Using=xpath, value=//table[@class=&amp;apos;TABLEATTRIBUTES&amp;apos;]/tbody/tr[2]/td[1]/a}">
      <![CDATA[org.openqa.selenium.UnhandledAlertException: Modal dialog present: Minimum 1 Search Criteria must be specified
Build info: version: '3.4.0', revision: 'unknown', time: 'unknown'
System info: host: 'HFLT0001452', ip: '10.1.1.152', os.name: 'Windows 7', os.arch: 'amd64', os.version: '6.1', java.version: '1.8.0_131'
Driver info: org.openqa.selenium.ie.InternetExplorerDriver
Capabilities [{se:ieOptions={browserAttachTimeout=0.0, ie.enableFullPageScreenshot=true, enablePersistentHover=true, ie.forceCreateProcessApi=false, ie.forceShellWindowsApi=false, ignoreZoomSetting=false, ie.fileUploadDialogTimeout=3000.0, ie.useLegacyFileUploadDialogHandling=false, nativeEvents=true, ie.ensureCleanSession=false, elementScrollBehavior=0.0, ie.browserCommandLineSwitches=, requireWindowFocus=false, initialBrowserUrl=http://localhost:25969/, ignoreProtectedModeSettings=false, enableElementCacheCleanup=true}, browserName=internet explorer, pageLoadStrategy=normal, javascriptEnabled=true, version=9, platform=WINDOWS, unexpectedAlertBehaviour=dismiss}]
Session ID: 4db7293b-2ffe-4a15-8428-2f721fea0c5a
*** Element info: {Using=xpath, value=//table[@class='TABLEATTRIBUTES']/tbody/tr[2]/td[1]/a}
	at org.openqa.selenium.remote.ErrorHandler.createThrowable(ErrorHandler.java:215)
	at org.openqa.selenium.remote.ErrorHandler.createUnhandledAlertException(ErrorHandler.java:196)
	at org.openqa.selenium.remote.ErrorHandler.throwIfResponseFailed(ErrorHandler.java:157)
	at org.openqa.selenium.remote.RemoteWebDriver.execute(RemoteWebDriver.java:671)
	at org.openqa.selenium.remote.RemoteWebDriver.findElement(RemoteWebDriver.java:410)
	at org.openqa.selenium.remote.RemoteWebDriver.findElementByXPath(RemoteWebDriver.java:509)
	at org.openqa.selenium.By$ByXPath.findElement(By.java:361)
	at org.openqa.selenium.remote.RemoteWebDriver.findElement(RemoteWebDriver.java:402)
	at CAS_LPL_UAT.Underwriting_LPL.Underwriting(Underwriting_LPL.java:112)
... Removed 29 stack frames]]>
    </failure>
  </testcase> <!-- Underwriting -->
  <testcase name="PDOCDetails" time="4.935" classname="CAS_LPL_UAT.PDOC">
    <failure type="org.openqa.selenium.UnhandledAlertException" message="Modal dialog present: Minimum 1 Search Criteria must be specified
Build info: version: &amp;apos;3.4.0&amp;apos;, revision: &amp;apos;unknown&amp;apos;, time: &amp;apos;unknown&amp;apos;
System info: host: &amp;apos;HFLT0001452&amp;apos;, ip: &amp;apos;10.1.1.152&amp;apos;, os.name: &amp;apos;Windows 7&amp;apos;, os.arch: &amp;apos;amd64&amp;apos;, os.version: &amp;apos;6.1&amp;apos;, java.version: &amp;apos;1.8.0_131&amp;apos;
Driver info: org.openqa.selenium.ie.InternetExplorerDriver
Capabilities [{se:ieOptions={browserAttachTimeout=0.0, ie.enableFullPageScreenshot=true, enablePersistentHover=true, ie.forceCreateProcessApi=false, ie.forceShellWindowsApi=false, ignoreZoomSetting=false, ie.fileUploadDialogTimeout=3000.0, ie.useLegacyFileUploadDialogHandling=false, nativeEvents=true, ie.ensureCleanSession=false, elementScrollBehavior=0.0, ie.browserCommandLineSwitches=, requireWindowFocus=false, initialBrowserUrl=http://localhost:25969/, ignoreProtectedModeSettings=false, enableElementCacheCleanup=true}, browserName=internet explorer, pageLoadStrategy=normal, javascriptEnabled=true, version=9, platform=WINDOWS, unexpectedAlertBehaviour=dismiss}]
Session ID: 4db7293b-2ffe-4a15-8428-2f721fea0c5a
*** Element info: {Using=xpath, value=//table[@class=&amp;apos;TABLEATTRIBUTES&amp;apos;]/tbody/tr[2]/td[1]/a}">
      <![CDATA[org.openqa.selenium.UnhandledAlertException: Modal dialog present: Minimum 1 Search Criteria must be specified
Build info: version: '3.4.0', revision: 'unknown', time: 'unknown'
System info: host: 'HFLT0001452', ip: '10.1.1.152', os.name: 'Windows 7', os.arch: 'amd64', os.version: '6.1', java.version: '1.8.0_131'
Driver info: org.openqa.selenium.ie.InternetExplorerDriver
Capabilities [{se:ieOptions={browserAttachTimeout=0.0, ie.enableFullPageScreenshot=true, enablePersistentHover=true, ie.forceCreateProcessApi=false, ie.forceShellWindowsApi=false, ignoreZoomSetting=false, ie.fileUploadDialogTimeout=3000.0, ie.useLegacyFileUploadDialogHandling=false, nativeEvents=true, ie.ensureCleanSession=false, elementScrollBehavior=0.0, ie.browserCommandLineSwitches=, requireWindowFocus=false, initialBrowserUrl=http://localhost:25969/, ignoreProtectedModeSettings=false, enableElementCacheCleanup=true}, browserName=internet explorer, pageLoadStrategy=normal, javascriptEnabled=true, version=9, platform=WINDOWS, unexpectedAlertBehaviour=dismiss}]
Session ID: 4db7293b-2ffe-4a15-8428-2f721fea0c5a
*** Element info: {Using=xpath, value=//table[@class='TABLEATTRIBUTES']/tbody/tr[2]/td[1]/a}
	at org.openqa.selenium.remote.ErrorHandler.createThrowable(ErrorHandler.java:215)
	at org.openqa.selenium.remote.ErrorHandler.createUnhandledAlertException(ErrorHandler.java:196)
	at org.openqa.selenium.remote.ErrorHandler.throwIfResponseFailed(ErrorHandler.java:157)
	at org.openqa.selenium.remote.RemoteWebDriver.execute(RemoteWebDriver.java:671)
	at org.openqa.selenium.remote.RemoteWebDriver.findElement(RemoteWebDriver.java:410)
	at org.openqa.selenium.remote.RemoteWebDriver.findElementByXPath(RemoteWebDriver.java:509)
	at org.openqa.selenium.By$ByXPath.findElement(By.java:361)
	at org.openqa.selenium.remote.RemoteWebDriver.findElement(RemoteWebDriver.java:402)
	at CAS_LPL_UAT.PDOC.PDOCDetails(PDOC.java:108)
... Removed 29 stack frames]]>
    </failure>
  </testcase> <!-- PDOCDetails -->
  <testcase name="Disbursal_detail" time="3.734" classname="CAS_LPL_UAT.Disbursal_details">
    <failure type="org.openqa.selenium.NoSuchWindowException" message="No window found (WARNING: The server did not provide any stacktrace information)
Command duration or timeout: 1.34 seconds
Build info: version: &amp;apos;3.4.0&amp;apos;, revision: &amp;apos;unknown&amp;apos;, time: &amp;apos;unknown&amp;apos;
System info: host: &amp;apos;HFLT0001452&amp;apos;, ip: &amp;apos;10.1.1.152&amp;apos;, os.name: &amp;apos;Windows 7&amp;apos;, os.arch: &amp;apos;amd64&amp;apos;, os.version: &amp;apos;6.1&amp;apos;, java.version: &amp;apos;1.8.0_131&amp;apos;
Driver info: org.openqa.selenium.ie.InternetExplorerDriver
Capabilities [{se:ieOptions={browserAttachTimeout=0.0, ie.enableFullPageScreenshot=true, enablePersistentHover=true, ie.forceCreateProcessApi=false, ie.forceShellWindowsApi=false, ignoreZoomSetting=false, ie.fileUploadDialogTimeout=3000.0, ie.useLegacyFileUploadDialogHandling=false, nativeEvents=true, ie.ensureCleanSession=false, elementScrollBehavior=0.0, ie.browserCommandLineSwitches=, requireWindowFocus=false, initialBrowserUrl=http://localhost:25969/, ignoreProtectedModeSettings=false, enableElementCacheCleanup=true}, browserName=internet explorer, pageLoadStrategy=normal, javascriptEnabled=true, version=9, platform=WINDOWS, unexpectedAlertBehaviour=dismiss}]
Session ID: 4db7293b-2ffe-4a15-8428-2f721fea0c5a">
      <![CDATA[org.openqa.selenium.NoSuchWindowException: No window found (WARNING: The server did not provide any stacktrace information)
Command duration or timeout: 1.34 seconds
Build info: version: '3.4.0', revision: 'unknown', time: 'unknown'
System info: host: 'HFLT0001452', ip: '10.1.1.152', os.name: 'Windows 7', os.arch: 'amd64', os.version: '6.1', java.version: '1.8.0_131'
Driver info: org.openqa.selenium.ie.InternetExplorerDriver
Capabilities [{se:ieOptions={browserAttachTimeout=0.0, ie.enableFullPageScreenshot=true, enablePersistentHover=true, ie.forceCreateProcessApi=false, ie.forceShellWindowsApi=false, ignoreZoomSetting=false, ie.fileUploadDialogTimeout=3000.0, ie.useLegacyFileUploadDialogHandling=false, nativeEvents=true, ie.ensureCleanSession=false, elementScrollBehavior=0.0, ie.browserCommandLineSwitches=, requireWindowFocus=false, initialBrowserUrl=http://localhost:25969/, ignoreProtectedModeSettings=false, enableElementCacheCleanup=true}, browserName=internet explorer, pageLoadStrategy=normal, javascriptEnabled=true, version=9, platform=WINDOWS, unexpectedAlertBehaviour=dismiss}]
Session ID: 4db7293b-2ffe-4a15-8428-2f721fea0c5a
	at org.openqa.selenium.remote.ErrorHandler.createThrowable(ErrorHandler.java:215)
	at org.openqa.selenium.remote.ErrorHandler.throwIfResponseFailed(ErrorHandler.java:167)
	at org.openqa.selenium.remote.RemoteWebDriver.execute(RemoteWebDriver.java:671)
	at org.openqa.selenium.remote.RemoteWebDriver$RemoteTargetLocator.window(RemoteWebDriver.java:991)
	at CAS_LPL_UAT.Disbursal_details.Disbursal_detail(Disbursal_details.java:60)
... Removed 29 stack frames]]>
    </failure>
  </testcase> <!-- Disbursal_detail -->
  <testcase name="Disbursal" time="0.243" classname="CAS_LPL_UAT.Disbursal_Initiation">
    <failure type="java.lang.IndexOutOfBoundsException" message="Index: 1, Size: 1">
      <![CDATA[java.lang.IndexOutOfBoundsException: Index: 1, Size: 1
	at java.util.ArrayList.rangeCheck(ArrayList.java:653)
	at java.util.ArrayList.get(ArrayList.java:429)
	at CAS_LPL_UAT.Disbursal_Initiation.Disbursal(Disbursal_Initiation.java:63)
... Removed 25 stack frames]]>
    </failure>
  </testcase> <!-- Disbursal -->
  <testcase name="@AfterSuite Application_logout" time="0.0" classname="utility.BrowserSetup">
    <ignored/>
  </testcase> <!-- @AfterSuite Application_logout -->
  <testcase name="@AfterSuite Application_logout" time="0.0" classname="utility.BrowserSetup">
    <ignored/>
  </testcase> <!-- @AfterSuite Application_logout -->
  <testcase name="@AfterSuite Application_logout" time="0.0" classname="utility.BrowserSetup">
    <ignored/>
  </testcase> <!-- @AfterSuite Application_logout -->
  <testcase name="@AfterSuite Application_logout" time="0.0" classname="utility.BrowserSetup">
    <ignored/>
  </testcase> <!-- @AfterSuite Application_logout -->
  <testcase name="@AfterSuite Application_logout" time="0.0" classname="utility.BrowserSetup">
    <ignored/>
  </testcase> <!-- @AfterSuite Application_logout -->
  <testcase name="@AfterSuite Application_logout" time="0.0" classname="utility.BrowserSetup">
    <ignored/>
  </testcase> <!-- @AfterSuite Application_logout -->
  <testcase name="@BeforeSuite setupapplication" time="0.0" classname="utility.BrowserSetup">
    <ignored/>
  </testcase> <!-- @BeforeSuite setupapplication -->
  <testcase name="@BeforeSuite setupapplication" time="0.0" classname="utility.BrowserSetup">
    <ignored/>
  </testcase> <!-- @BeforeSuite setupapplication -->
  <testcase name="@BeforeSuite setupapplication" time="0.0" classname="utility.BrowserSetup">
    <ignored/>
  </testcase> <!-- @BeforeSuite setupapplication -->
  <testcase name="@BeforeSuite setupapplication" time="0.0" classname="utility.BrowserSetup">
    <ignored/>
  </testcase> <!-- @BeforeSuite setupapplication -->
  <testcase name="@BeforeSuite setupapplication" time="0.0" classname="utility.BrowserSetup">
    <ignored/>
  </testcase> <!-- @BeforeSuite setupapplication -->
  <testcase name="@BeforeSuite setupapplication" time="0.0" classname="utility.BrowserSetup">
    <ignored/>
  </testcase> <!-- @BeforeSuite setupapplication -->
</testsuite> <!-- CAS Regression_LPL_UAT -->
