<?xml version="1.0" encoding="UTF-8"?>
<testng-results skipped="0" failed="0" ignored="8" total="13" passed="5">
  <reporter-output>
  </reporter-output>
  <suite name="CAS UAT_LPL Regression Suite" duration-ms="538368" started-at="2017-08-22T12:57:54Z" finished-at="2017-08-22T13:06:52Z">
    <groups>
    </groups>
    <test name="CAS Regression_LPL_UAT" duration-ms="538368" started-at="2017-08-22T12:57:54Z" finished-at="2017-08-22T13:06:52Z">
      <class name="CAS_LPL_UAT.sourcing_comments">
        <test-method status="PASS" signature="setupapplication()[pri:0, instance:CAS_LPL_UAT.sourcing_comments@3abbfa04]" name="setupapplication" is-config="true" duration-ms="13219" started-at="2017-08-22T18:27:41Z" finished-at="2017-08-22T18:27:54Z">
          <reporter-output>
          </reporter-output>
        </test-method> <!-- setupapplication -->
        <test-method status="PASS" signature="Sourcing(java.lang.String, java.lang.String, java.lang.String, java.lang.String, java.lang.String, java.lang.String, java.lang.String, java.lang.String, java.lang.String, java.lang.String, java.lang.String, java.lang.String, java.lang.String, java.lang.String, java.lang.String, java.lang.String, java.lang.String, java.lang.String, java.lang.String, java.lang.String, java.lang.String, java.lang.String, java.lang.String)[pri:0, instance:CAS_LPL_UAT.sourcing_comments@3abbfa04]" name="Sourcing" duration-ms="30184" started-at="2017-08-22T18:27:57Z" data-provider="data-provider" finished-at="2017-08-22T18:28:27Z">
          <params>
            <param index="0">
              <value>
                <![CDATA[vinod_k]]>
              </value>
            </param>
            <param index="1">
              <value>
                <![CDATA[Hero@123]]>
              </value>
            </param>
            <param index="2">
              <value>
                <![CDATA[del]]>
              </value>
            </param>
            <param index="3">
              <value>
                <![CDATA[CustomerFname]]>
              </value>
            </param>
            <param index="4">
              <value>
                <![CDATA[CustomerLname]]>
              </value>
            </param>
            <param index="5">
              <value>
                <![CDATA[Customer Father Name]]>
              </value>
            </param>
            <param index="6">
              <value>
                <![CDATA[AUTO-PRE-APPROVED LOYALTY PROGRAM]]>
              </value>
            </param>
            <param index="7">
              <value>
                <![CDATA[LOYALTY PROGRAMME]]>
              </value>
            </param>
            <param index="8">
              <value>
                <![CDATA[AUTO-PREAPPROVED LOYALTY PROGRAM]]>
              </value>
            </param>
            <param index="9">
              <value>
                <![CDATA[DUMMY ASSET]]>
              </value>
            </param>
            <param index="10">
              <value>
                <![CDATA[EXISTING ASSET]]>
              </value>
            </param>
            <param index="11">
              <value>
                <![CDATA[EXISTING MODEL]]>
              </value>
            </param>
            <param index="12">
              <value>
                <![CDATA[DUMMY DEALER]]>
              </value>
            </param>
            <param index="13">
              <value>
                <![CDATA[PANKAJ NEGI]]>
              </value>
            </param>
            <param index="14">
              <value>
                <![CDATA[RASHMI SHARMA]]>
              </value>
            </param>
            <param index="15">
              <value>
                <![CDATA[Staff]]>
              </value>
            </param>
            <param index="16">
              <value>
                <![CDATA[20000]]>
              </value>
            </param>
            <param index="17">
              <value>
                <![CDATA[12]]>
              </value>
            </param>
            <param index="18">
              <value>
                <![CDATA[07]]>
              </value>
            </param>
            <param index="19">
              <value>
                <![CDATA[2017]]>
              </value>
            </param>
            <param index="20">
              <value>
                <![CDATA[0]]>
              </value>
            </param>
            <param index="21">
              <value>
                <![CDATA[CUSTOMER]]>
              </value>
            </param>
            <param index="22">
              <value>
                <![CDATA[NO]]>
              </value>
            </param>
          </params>
          <reporter-output>
          </reporter-output>
        </test-method> <!-- Sourcing -->
        <test-method status="PASS" signature="Application_logout()[pri:0, instance:CAS_LPL_UAT.sourcing_comments@3abbfa04]" name="Application_logout" is-config="true" duration-ms="3954" started-at="2017-08-22T18:36:53Z" finished-at="2017-08-22T18:36:57Z">
          <reporter-output>
          </reporter-output>
        </test-method> <!-- Application_logout -->
      </class> <!-- CAS_LPL_UAT.sourcing_comments -->
      <class name="CAS_LPL_UAT.Disbursal_Initiation">
        <test-method status="PASS" signature="Disbursal(java.lang.String, java.lang.String, java.lang.String, java.lang.String, java.lang.String, java.lang.String, java.lang.String, java.lang.String, java.lang.String, java.lang.String, java.lang.String, java.lang.String, java.lang.String, java.lang.String, java.lang.String, java.lang.String, java.lang.String, java.lang.String, java.lang.String, java.lang.String, java.lang.String, java.lang.String, java.lang.String)[pri:0, instance:CAS_LPL_UAT.Disbursal_Initiation@3c0ecd4b]" name="Disbursal" duration-ms="28640" started-at="2017-08-22T18:36:24Z" data-provider="data-provider" finished-at="2017-08-22T18:36:52Z">
          <params>
            <param index="0">
              <value>
                <![CDATA[vinod_k]]>
              </value>
            </param>
            <param index="1">
              <value>
                <![CDATA[Hero@123]]>
              </value>
            </param>
            <param index="2">
              <value>
                <![CDATA[del]]>
              </value>
            </param>
            <param index="3">
              <value>
                <![CDATA[CustomerFname]]>
              </value>
            </param>
            <param index="4">
              <value>
                <![CDATA[CustomerLname]]>
              </value>
            </param>
            <param index="5">
              <value>
                <![CDATA[Customer Father Name]]>
              </value>
            </param>
            <param index="6">
              <value>
                <![CDATA[AUTO-PRE-APPROVED LOYALTY PROGRAM]]>
              </value>
            </param>
            <param index="7">
              <value>
                <![CDATA[LOYALTY PROGRAMME]]>
              </value>
            </param>
            <param index="8">
              <value>
                <![CDATA[AUTO-PREAPPROVED LOYALTY PROGRAM]]>
              </value>
            </param>
            <param index="9">
              <value>
                <![CDATA[DUMMY ASSET]]>
              </value>
            </param>
            <param index="10">
              <value>
                <![CDATA[EXISTING ASSET]]>
              </value>
            </param>
            <param index="11">
              <value>
                <![CDATA[EXISTING MODEL]]>
              </value>
            </param>
            <param index="12">
              <value>
                <![CDATA[DUMMY DEALER]]>
              </value>
            </param>
            <param index="13">
              <value>
                <![CDATA[PANKAJ NEGI]]>
              </value>
            </param>
            <param index="14">
              <value>
                <![CDATA[RASHMI SHARMA]]>
              </value>
            </param>
            <param index="15">
              <value>
                <![CDATA[Staff]]>
              </value>
            </param>
            <param index="16">
              <value>
                <![CDATA[20000]]>
              </value>
            </param>
            <param index="17">
              <value>
                <![CDATA[12]]>
              </value>
            </param>
            <param index="18">
              <value>
                <![CDATA[07]]>
              </value>
            </param>
            <param index="19">
              <value>
                <![CDATA[2017]]>
              </value>
            </param>
            <param index="20">
              <value>
                <![CDATA[0]]>
              </value>
            </param>
            <param index="21">
              <value>
                <![CDATA[CUSTOMER]]>
              </value>
            </param>
            <param index="22">
              <value>
                <![CDATA[NO]]>
              </value>
            </param>
          </params>
          <reporter-output>
          </reporter-output>
        </test-method> <!-- Disbursal -->
      </class> <!-- CAS_LPL_UAT.Disbursal_Initiation -->
      <class name="CAS_LPL_UAT.Disbursal_details">
        <test-method status="PASS" signature="Disbursal_detail()[pri:0, instance:CAS_LPL_UAT.Disbursal_details@598067a5]" name="Disbursal_detail" duration-ms="31758" started-at="2017-08-22T18:35:52Z" finished-at="2017-08-22T18:36:24Z">
          <reporter-output>
          </reporter-output>
        </test-method> <!-- Disbursal_detail -->
      </class> <!-- CAS_LPL_UAT.Disbursal_details -->
      <class name="CAS_LPL_UAT.Underwriting_LPL">
        <test-method status="PASS" signature="Underwriting(java.lang.String, java.lang.String, java.lang.String, java.lang.String, java.lang.String, java.lang.String, java.lang.String, java.lang.String, java.lang.String, java.lang.String, java.lang.String, java.lang.String, java.lang.String, java.lang.String, java.lang.String, java.lang.String, java.lang.String, java.lang.String, java.lang.String, java.lang.String, java.lang.String, java.lang.String, java.lang.String)[pri:0, instance:CAS_LPL_UAT.Underwriting_LPL@57fffcd7]" name="Underwriting" duration-ms="297517" started-at="2017-08-22T18:28:27Z" data-provider="data-provider" finished-at="2017-08-22T18:33:25Z">
          <params>
            <param index="0">
              <value>
                <![CDATA[vinod_k]]>
              </value>
            </param>
            <param index="1">
              <value>
                <![CDATA[Hero@123]]>
              </value>
            </param>
            <param index="2">
              <value>
                <![CDATA[del]]>
              </value>
            </param>
            <param index="3">
              <value>
                <![CDATA[CustomerFname]]>
              </value>
            </param>
            <param index="4">
              <value>
                <![CDATA[CustomerLname]]>
              </value>
            </param>
            <param index="5">
              <value>
                <![CDATA[Customer Father Name]]>
              </value>
            </param>
            <param index="6">
              <value>
                <![CDATA[AUTO-PRE-APPROVED LOYALTY PROGRAM]]>
              </value>
            </param>
            <param index="7">
              <value>
                <![CDATA[LOYALTY PROGRAMME]]>
              </value>
            </param>
            <param index="8">
              <value>
                <![CDATA[AUTO-PREAPPROVED LOYALTY PROGRAM]]>
              </value>
            </param>
            <param index="9">
              <value>
                <![CDATA[DUMMY ASSET]]>
              </value>
            </param>
            <param index="10">
              <value>
                <![CDATA[EXISTING ASSET]]>
              </value>
            </param>
            <param index="11">
              <value>
                <![CDATA[EXISTING MODEL]]>
              </value>
            </param>
            <param index="12">
              <value>
                <![CDATA[DUMMY DEALER]]>
              </value>
            </param>
            <param index="13">
              <value>
                <![CDATA[PANKAJ NEGI]]>
              </value>
            </param>
            <param index="14">
              <value>
                <![CDATA[RASHMI SHARMA]]>
              </value>
            </param>
            <param index="15">
              <value>
                <![CDATA[Staff]]>
              </value>
            </param>
            <param index="16">
              <value>
                <![CDATA[20000]]>
              </value>
            </param>
            <param index="17">
              <value>
                <![CDATA[12]]>
              </value>
            </param>
            <param index="18">
              <value>
                <![CDATA[07]]>
              </value>
            </param>
            <param index="19">
              <value>
                <![CDATA[2017]]>
              </value>
            </param>
            <param index="20">
              <value>
                <![CDATA[0]]>
              </value>
            </param>
            <param index="21">
              <value>
                <![CDATA[CUSTOMER]]>
              </value>
            </param>
            <param index="22">
              <value>
                <![CDATA[NO]]>
              </value>
            </param>
          </params>
          <reporter-output>
          </reporter-output>
        </test-method> <!-- Underwriting -->
      </class> <!-- CAS_LPL_UAT.Underwriting_LPL -->
      <class name="CAS_LPL_UAT.PDOC">
        <test-method status="PASS" signature="PDOCDetails()[pri:0, instance:CAS_LPL_UAT.PDOC@31ef45e3]" name="PDOCDetails" duration-ms="147358" started-at="2017-08-22T18:33:25Z" finished-at="2017-08-22T18:35:52Z">
          <reporter-output>
          </reporter-output>
        </test-method> <!-- PDOCDetails -->
      </class> <!-- CAS_LPL_UAT.PDOC -->
    </test> <!-- CAS Regression_LPL_UAT -->
  </suite> <!-- CAS UAT_LPL Regression Suite -->
</testng-results>
